  [1m[35m (41.6ms)[0m  [1m[35mCREATE TABLE "schema_migrations" ("version" character varying PRIMARY KEY)[0m
  [1m[35m (16.2ms)[0m  [1m[35mCREATE TABLE "ar_internal_metadata" ("key" character varying PRIMARY KEY, "value" character varying, "created_at" timestamp NOT NULL, "updated_at" timestamp NOT NULL)[0m
  [1m[35m (3.5ms)[0m  [1m[34mSELECT pg_try_advisory_lock(7437883753703932935);[0m
  [1m[36mActiveRecord::SchemaMigration Load (0.7ms)[0m  [1m[34mSELECT "schema_migrations".* FROM "schema_migrations"[0m
Migrating to CreateUsers (20161201150718)
  [1m[35m (0.4ms)[0m  [1m[35mBEGIN[0m
  [1m[35m (0.3ms)[0m  [1m[31mROLLBACK[0m
  [1m[35m (0.4ms)[0m  [1m[34mSELECT pg_advisory_unlock(7437883753703932935)[0m
  [1m[35m (0.2ms)[0m  [1m[34mSELECT pg_try_advisory_lock(7437883753703932935);[0m
  [1m[36mActiveRecord::SchemaMigration Load (0.9ms)[0m  [1m[34mSELECT "schema_migrations".* FROM "schema_migrations"[0m
Migrating to CreateUsers (20161201150718)
  [1m[35m (0.2ms)[0m  [1m[35mBEGIN[0m
  [1m[35m (19.4ms)[0m  [1m[35mCREATE TABLE "users" ("id" serial primary key, "email" text, "password_digest" text, "commute" integer, "ammenities" integer, "education" integer, "safety" integer, "created_at" timestamp NOT NULL, "updated_at" timestamp NOT NULL)[0m
  [1m[35mSQL (1.1ms)[0m  [1m[32mINSERT INTO "schema_migrations" ("version") VALUES ($1) RETURNING "version"[0m  [["version", "20161201150718"]]
  [1m[35m (2.7ms)[0m  [1m[35mCOMMIT[0m
  [1m[36mActiveRecord::InternalMetadata Load (3.5ms)[0m  [1m[34mSELECT  "ar_internal_metadata".* FROM "ar_internal_metadata" WHERE "ar_internal_metadata"."key" = $1 LIMIT $2[0m  [["key", :environment], ["LIMIT", 1]]
  [1m[35m (0.2ms)[0m  [1m[35mBEGIN[0m
  [1m[35mSQL (1.1ms)[0m  [1m[32mINSERT INTO "ar_internal_metadata" ("key", "value", "created_at", "updated_at") VALUES ($1, $2, $3, $4) RETURNING "key"[0m  [["key", "environment"], ["value", "development"], ["created_at", 2016-12-01 15:08:02 UTC], ["updated_at", 2016-12-01 15:08:02 UTC]]
  [1m[35m (2.7ms)[0m  [1m[35mCOMMIT[0m
  [1m[35m (0.5ms)[0m  [1m[34mSELECT pg_advisory_unlock(7437883753703932935)[0m
  [1m[36mActiveRecord::SchemaMigration Load (0.5ms)[0m  [1m[34mSELECT "schema_migrations".* FROM "schema_migrations"[0m
  [1m[35m (12.3ms)[0m  [1m[34mSELECT t2.oid::regclass::text AS to_table, a1.attname AS column, a2.attname AS primary_key, c.conname AS name, c.confupdtype AS on_update, c.confdeltype AS on_delete
FROM pg_constraint c
JOIN pg_class t1 ON c.conrelid = t1.oid
JOIN pg_class t2 ON c.confrelid = t2.oid
JOIN pg_attribute a1 ON a1.attnum = c.conkey[1] AND a1.attrelid = t1.oid
JOIN pg_attribute a2 ON a2.attnum = c.confkey[1] AND a2.attrelid = t2.oid
JOIN pg_namespace t3 ON c.connamespace = t3.oid
WHERE c.contype = 'f'
  AND t1.relname = 'users'
  AND t3.nspname = ANY (current_schemas(false))
ORDER BY c.conname
[0m
  [1m[35m (0.4ms)[0m  [1m[34mSELECT pg_try_advisory_lock(7437883753703932935);[0m
  [1m[36mActiveRecord::SchemaMigration Load (0.7ms)[0m  [1m[34mSELECT "schema_migrations".* FROM "schema_migrations"[0m
Migrating to CreateDestinations (20161201150952)
  [1m[35m (0.2ms)[0m  [1m[35mBEGIN[0m
  [1m[35m (23.9ms)[0m  [1m[35mCREATE TABLE "destinations" ("id" serial primary key, "user_id" integer, "name" text, "address" text, "created_at" timestamp NOT NULL, "updated_at" timestamp NOT NULL)[0m
  [1m[35mSQL (2.7ms)[0m  [1m[32mINSERT INTO "schema_migrations" ("version") VALUES ($1) RETURNING "version"[0m  [["version", "20161201150952"]]
  [1m[35m (3.6ms)[0m  [1m[35mCOMMIT[0m
  [1m[36mActiveRecord::InternalMetadata Load (2.7ms)[0m  [1m[34mSELECT  "ar_internal_metadata".* FROM "ar_internal_metadata" WHERE "ar_internal_metadata"."key" = $1 LIMIT $2[0m  [["key", :environment], ["LIMIT", 1]]
  [1m[35m (0.2ms)[0m  [1m[35mBEGIN[0m
  [1m[35m (0.1ms)[0m  [1m[35mCOMMIT[0m
  [1m[35m (0.3ms)[0m  [1m[34mSELECT pg_advisory_unlock(7437883753703932935)[0m
  [1m[36mActiveRecord::SchemaMigration Load (0.9ms)[0m  [1m[34mSELECT "schema_migrations".* FROM "schema_migrations"[0m
  [1m[35m (5.0ms)[0m  [1m[34mSELECT t2.oid::regclass::text AS to_table, a1.attname AS column, a2.attname AS primary_key, c.conname AS name, c.confupdtype AS on_update, c.confdeltype AS on_delete
FROM pg_constraint c
JOIN pg_class t1 ON c.conrelid = t1.oid
JOIN pg_class t2 ON c.confrelid = t2.oid
JOIN pg_attribute a1 ON a1.attnum = c.conkey[1] AND a1.attrelid = t1.oid
JOIN pg_attribute a2 ON a2.attnum = c.confkey[1] AND a2.attrelid = t2.oid
JOIN pg_namespace t3 ON c.connamespace = t3.oid
WHERE c.contype = 'f'
  AND t1.relname = 'destinations'
  AND t3.nspname = ANY (current_schemas(false))
ORDER BY c.conname
[0m
  [1m[35m (5.5ms)[0m  [1m[34mSELECT t2.oid::regclass::text AS to_table, a1.attname AS column, a2.attname AS primary_key, c.conname AS name, c.confupdtype AS on_update, c.confdeltype AS on_delete
FROM pg_constraint c
JOIN pg_class t1 ON c.conrelid = t1.oid
JOIN pg_class t2 ON c.confrelid = t2.oid
JOIN pg_attribute a1 ON a1.attnum = c.conkey[1] AND a1.attrelid = t1.oid
JOIN pg_attribute a2 ON a2.attnum = c.confkey[1] AND a2.attrelid = t2.oid
JOIN pg_namespace t3 ON c.connamespace = t3.oid
WHERE c.contype = 'f'
  AND t1.relname = 'users'
  AND t3.nspname = ANY (current_schemas(false))
ORDER BY c.conname
[0m
Started POST "/users" for ::1 at 2016-12-01 14:27:02 -0500
  [1m[36mActiveRecord::SchemaMigration Load (3.2ms)[0m  [1m[34mSELECT "schema_migrations".* FROM "schema_migrations"[0m
  
SyntaxError (/Users/craigiturbe/Development/rntr/backEnd/app/controllers/users_controller.rb:2: syntax error, unexpected ':', expecting keyword_end
  has_many: :destinations
           ^):
  
app/controllers/users_controller.rb:2: syntax error, unexpected ':', expecting keyword_end
Started POST "/users" for ::1 at 2016-12-01 14:29:06 -0500
  
SyntaxError (/Users/craigiturbe/Development/rntr/backEnd/app/controllers/users_controller.rb:2: syntax error, unexpected ':', expecting keyword_end
  has_many: :destinations
           ^):
  
app/controllers/users_controller.rb:2: syntax error, unexpected ':', expecting keyword_end
Started POST "/users" for ::1 at 2016-12-01 14:29:51 -0500
Processing by UsersController#create as HTML
  Parameters: {"auth"=>{"email"=>"hello@hi"}, "user"=>{}}
Filter chain halted as :authenticate_user rendered or redirected
Completed 200 OK in 1ms (Views: 0.3ms | ActiveRecord: 2.8ms)


Started POST "/users" for ::1 at 2016-12-01 14:29:52 -0500
Processing by UsersController#create as HTML
  Parameters: {"auth"=>{"email"=>"hello@hi"}, "user"=>{}}
Filter chain halted as :authenticate_user rendered or redirected
Completed 200 OK in 0ms (Views: 0.2ms | ActiveRecord: 0.0ms)


Started POST "/users" for ::1 at 2016-12-01 14:30:03 -0500
Processing by UsersController#create as HTML
  Parameters: {"auth"=>{"email"=>"hello@hi"}, "user"=>{}}
Filter chain halted as :authenticate_user rendered or redirected
Completed 200 OK in 1ms (Views: 0.3ms | ActiveRecord: 0.0ms)


Started POST "/users" for ::1 at 2016-12-01 14:31:18 -0500
Processing by UsersController#create as HTML
  Parameters: {"auth"=>{"email"=>"hello@hi"}, "user"=>{}}
Completed 400 Bad Request in 0ms (ActiveRecord: 4.2ms)


  
ActionController::ParameterMissing (param is missing or the value is empty: user):
  
app/controllers/users_controller.rb:29:in `user_params'
app/controllers/users_controller.rb:11:in `create'
Started POST "/users" for ::1 at 2016-12-01 14:32:30 -0500
Processing by UsersController#create as HTML
  Parameters: {"user"=>{"email"=>"hi@hello"}}
  [1m[35m (0.2ms)[0m  [1m[35mBEGIN[0m
  [1m[36mUser Exists (6.4ms)[0m  [1m[34mSELECT  1 AS one FROM "users" WHERE "users"."email" = $1 LIMIT $2[0m  [["email", "hi@hello"], ["LIMIT", 1]]
  [1m[35m (0.2ms)[0m  [1m[31mROLLBACK[0m
Completed 200 OK in 94ms (Views: 0.2ms | ActiveRecord: 17.0ms)


Started POST "/users" for ::1 at 2016-12-01 14:33:48 -0500
Processing by UsersController#create as HTML
  Parameters: {"user"=>{"email"=>"goodbye@bye"}}
  [1m[35m (0.2ms)[0m  [1m[35mBEGIN[0m
  [1m[36mUser Exists (0.4ms)[0m  [1m[34mSELECT  1 AS one FROM "users" WHERE "users"."email" = $1 LIMIT $2[0m  [["email", "goodbye@bye"], ["LIMIT", 1]]
  [1m[35m (0.2ms)[0m  [1m[31mROLLBACK[0m
Completed 200 OK in 5ms (Views: 0.2ms | ActiveRecord: 0.7ms)


Started POST "/users" for ::1 at 2016-12-01 14:35:56 -0500
Processing by UsersController#create as HTML
  Parameters: {"user"=>{"email"=>"aaa@bbb", "password"=>"[FILTERED]"}}
  [1m[35m (0.2ms)[0m  [1m[35mBEGIN[0m
  [1m[36mUser Exists (0.3ms)[0m  [1m[34mSELECT  1 AS one FROM "users" WHERE "users"."email" = $1 LIMIT $2[0m  [["email", "aaa@bbb"], ["LIMIT", 1]]
  [1m[35mSQL (3.5ms)[0m  [1m[32mINSERT INTO "users" ("email", "password_digest", "created_at", "updated_at") VALUES ($1, $2, $3, $4) RETURNING "id"[0m  [["email", "aaa@bbb"], ["password_digest", "$2a$10$7hp5PGrqwBly9zOvczTh8.bWPEoQfOk882cRn0wibEe.GIhAcrflW"], ["created_at", 2016-12-01 19:35:56 UTC], ["updated_at", 2016-12-01 19:35:56 UTC]]
  [1m[35m (3.5ms)[0m  [1m[35mCOMMIT[0m
Completed 500 Internal Server Error in 102ms (ActiveRecord: 7.6ms)


  
SyntaxError (/Users/craigiturbe/Development/rntr/backEnd/lib/auth.rb:5: syntax error, unexpected ',', expecting ')'
   JWT.encode (payload, Rails.application.secrets[:s...
                       ^
/Users/craigiturbe/Development/rntr/backEnd/lib/auth.rb:5: dynamic constant assignment
/Users/craigiturbe/Development/rntr/backEnd/lib/auth.rb:5: syntax error, unexpected ')', expecting '='
/Users/craigiturbe/Development/rntr/backEnd/lib/auth.rb:13: syntax error, unexpected end-of-input, expecting keyword_end):
  
lib/auth.rb:5: syntax error, unexpected ',', expecting ')'
lib/auth.rb:5: dynamic constant assignment
lib/auth.rb:5: syntax error, unexpected ')', expecting '='
lib/auth.rb:13: syntax error, unexpected end-of-input, expecting keyword_end
app/controllers/users_controller.rb:14:in `create'
Started POST "/users" for ::1 at 2016-12-01 14:39:18 -0500
Processing by UsersController#create as HTML
  Parameters: {"user"=>{"email"=>"zaa@bbb", "password"=>"[FILTERED]"}}
  [1m[35m (0.2ms)[0m  [1m[35mBEGIN[0m
  [1m[36mUser Exists (5.7ms)[0m  [1m[34mSELECT  1 AS one FROM "users" WHERE "users"."email" = $1 LIMIT $2[0m  [["email", "zaa@bbb"], ["LIMIT", 1]]
  [1m[35mSQL (0.6ms)[0m  [1m[32mINSERT INTO "users" ("email", "password_digest", "created_at", "updated_at") VALUES ($1, $2, $3, $4) RETURNING "id"[0m  [["email", "zaa@bbb"], ["password_digest", "$2a$10$v2wlheI22UMPwhzUiVw4RuSg7EuDRRdt0JyXL1jGt6PQcfaIx5ALq"], ["created_at", 2016-12-01 19:39:19 UTC], ["updated_at", 2016-12-01 19:39:19 UTC]]
  [1m[35m (2.4ms)[0m  [1m[35mCOMMIT[0m
Completed 200 OK in 110ms (Views: 0.2ms | ActiveRecord: 13.6ms)


  [1m[36mUser Load (0.7ms)[0m  [1m[34mSELECT "users".* FROM "users"[0m
Started POST "/users" for ::1 at 2016-12-01 14:43:10 -0500
  [1m[36mActiveRecord::SchemaMigration Load (0.6ms)[0m  [1m[34mSELECT "schema_migrations".* FROM "schema_migrations"[0m
Processing by UsersController#create as HTML
  Parameters: {"user"=>{"email"=>"bob@bob", "password"=>"[FILTERED]"}}
  [1m[35m (0.2ms)[0m  [1m[35mBEGIN[0m
  [1m[36mUser Exists (0.9ms)[0m  [1m[34mSELECT  1 AS one FROM "users" WHERE "users"."email" = $1 LIMIT $2[0m  [["email", "bob@bob"], ["LIMIT", 1]]
  [1m[35mSQL (0.7ms)[0m  [1m[32mINSERT INTO "users" ("email", "password_digest", "created_at", "updated_at") VALUES ($1, $2, $3, $4) RETURNING "id"[0m  [["email", "bob@bob"], ["password_digest", "$2a$10$pLoCjBI6s072.j0LPtyHNOhNVN.WWX/D8Sm1qHa/rzax1kcbiwsSC"], ["created_at", 2016-12-01 19:43:11 UTC], ["updated_at", 2016-12-01 19:43:11 UTC]]
  [1m[35m (2.5ms)[0m  [1m[35mCOMMIT[0m
Completed 200 OK in 140ms (Views: 0.2ms | ActiveRecord: 10.0ms)


Started POST "/users" for ::1 at 2016-12-01 16:06:50 -0500
  [1m[36mActiveRecord::SchemaMigration Load (3.0ms)[0m  [1m[34mSELECT "schema_migrations".* FROM "schema_migrations"[0m
  
ActionController::RoutingError (undefined method `has_many' for UsersController:Class):
  
app/controllers/users_controller.rb:2:in `<class:UsersController>'
app/controllers/users_controller.rb:1:in `<top (required)>'
Started POST "/users" for ::1 at 2016-12-01 16:07:40 -0500
Processing by UsersController#create as HTML
  Parameters: {"user"=>{"email"=>"hihi@hello", "password"=>"[FILTERED]"}}
  [1m[35m (0.2ms)[0m  [1m[35mBEGIN[0m
  [1m[36mUser Exists (0.9ms)[0m  [1m[34mSELECT  1 AS one FROM "users" WHERE "users"."email" = $1 LIMIT $2[0m  [["email", "hihi@hello"], ["LIMIT", 1]]
  [1m[35mSQL (0.7ms)[0m  [1m[32mINSERT INTO "users" ("email", "password_digest", "created_at", "updated_at") VALUES ($1, $2, $3, $4) RETURNING "id"[0m  [["email", "hihi@hello"], ["password_digest", "$2a$10$JLofeau6bY721WruWgOf4eZ/5bMUh/xwzPe5IY0NSswjAlvC2h6d2"], ["created_at", 2016-12-01 21:07:40 UTC], ["updated_at", 2016-12-01 21:07:40 UTC]]
  [1m[35m (1.2ms)[0m  [1m[35mCOMMIT[0m
Completed 200 OK in 151ms (Views: 0.2ms | ActiveRecord: 15.3ms)


Started POST "/sessions" for ::1 at 2016-12-01 16:07:50 -0500
  
ArgumentError (Before process_action callback :authenticate_user has not been defined):
  
app/controllers/sessions_controller.rb:2:in `<class:SessionsController>'
app/controllers/sessions_controller.rb:1:in `<top (required)>'
Started POST "/sessions" for ::1 at 2016-12-01 16:08:46 -0500
Processing by SessionsController#create as HTML
  Parameters: {"user"=>{"email"=>"hihi@hello", "password"=>"[FILTERED]"}, "session"=>{"user"=>{"email"=>"hihi@hello", "password"=>"[FILTERED]"}}}
Completed 400 Bad Request in 5ms (ActiveRecord: 0.0ms)


  
ActionController::ParameterMissing (param is missing or the value is empty: auth):
  
app/controllers/sessions_controller.rb:15:in `auth_params'
app/controllers/sessions_controller.rb:4:in `create'
Started POST "/sessions" for ::1 at 2016-12-01 16:09:25 -0500
Processing by SessionsController#create as HTML
  Parameters: {"user"=>{"email"=>"hihi@hello", "password"=>"[FILTERED]"}, "session"=>{"user"=>{"email"=>"hihi@hello", "password"=>"[FILTERED]"}}}
  [1m[36mUser Load (0.5ms)[0m  [1m[34mSELECT  "users".* FROM "users" WHERE "users"."email" = $1 LIMIT $2[0m  [["email", "hihi@hello"], ["LIMIT", 1]]
Completed 200 OK in 112ms (Views: 0.2ms | ActiveRecord: 5.3ms)


Started POST "/sessions" for ::1 at 2016-12-01 16:11:39 -0500
Processing by SessionsController#create as HTML
  Parameters: {"user"=>{"email"=>"hihi@hello", "password"=>"[FILTERED]"}, "session"=>{"user"=>{"email"=>"hihi@hello", "password"=>"[FILTERED]"}}}
  [1m[36mUser Load (0.4ms)[0m  [1m[34mSELECT  "users".* FROM "users" WHERE "users"."email" = $1 LIMIT $2[0m  [["email", "hihi@hello"], ["LIMIT", 1]]
Completed 200 OK in 82ms (Views: 0.1ms | ActiveRecord: 0.4ms)


Started POST "/sessions" for ::1 at 2016-12-01 16:12:01 -0500
Processing by SessionsController#create as HTML
  Parameters: {"user"=>{"email"=>"hihi@hello", "password"=>"[FILTERED]"}, "session"=>{"user"=>{"email"=>"hihi@hello", "password"=>"[FILTERED]"}}}
  [1m[36mUser Load (0.4ms)[0m  [1m[34mSELECT  "users".* FROM "users" WHERE "users"."email" = $1 LIMIT $2[0m  [["email", "hihi@hello"], ["LIMIT", 1]]
Completed 200 OK in 81ms (Views: 0.1ms | ActiveRecord: 0.4ms)


